<?xml version="1.0" encoding="UTF-8"?>
<!-- Generated by org.testng.reporters.JUnitXMLReporter -->
<testsuite ignored="0" hostname="DESKTOP-10E3PP0" failures="0" tests="4" name="Surefire test" time="71.928" errors="0" timestamp="2024-02-24T11:51:41 EST">
  <testcase classname="DerivMobileAutomation.tests.calculatorTestCase" name="additionOperation" time="13.789"/>
  <testcase classname="DerivMobileAutomation.tests.calculatorTestCase" name="divisonOperation" time="12.513"/>
  <testcase classname="DerivMobileAutomation.tests.calculatorTestCase" name="multiplicationOperation" time="13.403"/>
  <testcase classname="DerivMobileAutomation.tests.calculatorTestCase" name="subtractionOperation" time="14.006"/>
</testsuite> <!-- Surefire test -->
