<?xml version="1.0" encoding="UTF-8"?>
<!-- Generated by org.testng.reporters.JUnitXMLReporter -->
<testsuite ignored="4" hostname="DESKTOP-10E3PP0" failures="0" tests="1" name="Default test" time="37.21" errors="0" timestamp="2024-02-24T11:34:18 EST">
  <testcase classname="DerivMobileAutomation.tests.calculatorTestCase" name="divisonOperation" time="13.74"/>
  <testcase classname="DerivMobileAutomation.tests.calculatorTestCase" name="testfloat" time="0.0">
    <ignored/>
  </testcase> <!-- testfloat -->
  <testcase classname="DerivMobileAutomation.tests.calculatorTestCase" name="additionOperation" time="0.0">
    <ignored/>
  </testcase> <!-- additionOperation -->
  <testcase classname="DerivMobileAutomation.tests.calculatorTestCase" name="subtractionOperation" time="0.0">
    <ignored/>
  </testcase> <!-- subtractionOperation -->
  <testcase classname="DerivMobileAutomation.tests.calculatorTestCase" name="multiplicationOperation" time="0.0">
    <ignored/>
  </testcase> <!-- multiplicationOperation -->
</testsuite> <!-- Default test -->
