<?xml version="1.0" encoding="UTF-8"?>
<testsuite xmlns:xsi="http://www.w3.org/2001/XMLSchema-instance" xsi:noNamespaceSchemaLocation="https://maven.apache.org/surefire/maven-surefire-plugin/xsd/surefire-test-report.xsd" name="TestSuite" time="73.445" tests="4" errors="0" skipped="0" failures="0">
  <properties>
[...]
</properties>
  <testcase name="additionOperation" classname="DerivMobileAutomation.tests.calculatorTestCase" time="13.806"/>
  <testcase name="divisonOperation" classname="DerivMobileAutomation.tests.calculatorTestCase" time="12.495"/>
  <testcase name="multiplicationOperation" classname="DerivMobileAutomation.tests.calculatorTestCase" time="13.404"/>
  <testcase name="subtractionOperation" classname="DerivMobileAutomation.tests.calculatorTestCase" time="14.006"/>
</testsuite>