<?xml version="1.0" encoding="UTF-8"?>
<testng-results ignored="0" total="1" passed="1" failed="0" skipped="0">
  <reporter-output>
  </reporter-output>
  <suite started-at="2024-02-24T11:33:41 EST" name="Default suite" finished-at="2024-02-24T11:34:18 EST" duration-ms="37210">
    <groups>
    </groups>
    <test started-at="2024-02-24T11:33:41 EST" name="Default test" finished-at="2024-02-24T11:34:18 EST" duration-ms="37210">
      <class name="DerivMobileAutomation.tests.calculatorTestCase">
        <test-method is-config="true" signature="congifureAppium()[pri:0, instance:DerivMobileAutomation.tests.calculatorTestCase@4b741d6d]" started-at="2024-02-24T11:33:41 EST" name="congifureAppium" finished-at="2024-02-24T11:34:04 EST" duration-ms="23031" status="PASS">
          <reporter-output>
          </reporter-output>
        </test-method> <!-- congifureAppium -->
        <test-method signature="divisonOperation()[pri:0, instance:DerivMobileAutomation.tests.calculatorTestCase@4b741d6d]" started-at="2024-02-24T11:34:04 EST" name="divisonOperation" finished-at="2024-02-24T11:34:18 EST" duration-ms="13740" status="PASS">
          <reporter-output>
          </reporter-output>
        </test-method> <!-- divisonOperation -->
        <test-method is-config="true" signature="tearDown()[pri:0, instance:DerivMobileAutomation.tests.calculatorTestCase@4b741d6d]" started-at="2024-02-24T11:34:18 EST" name="tearDown" finished-at="2024-02-24T11:34:18 EST" duration-ms="386" status="PASS">
          <reporter-output>
          </reporter-output>
        </test-method> <!-- tearDown -->
      </class> <!-- DerivMobileAutomation.tests.calculatorTestCase -->
    </test> <!-- Default test -->
  </suite> <!-- Default suite -->
</testng-results>
